<?xml version="1.0" encoding="utf-8" standalone="no"?>
<test-run id="2" testcasecount="3" result="Passed" total="3" passed="0" failed="0" inconclusive="3" skipped="0" asserts="0" engine-version="3.5.0.0" clr-version="4.0.30319.42000" start-time="2017-02-20 12:42:23Z" end-time="2017-02-20 12:42:24Z" duration="0.828177">
    <command-line><![CDATA[..\packages\NUnit.ConsoleRunner.3.5.0\tools\nunit3-console.exe  SpecflowTest1.csproj]]></command-line>
    <test-suite type="Assembly" id="1-1005" name="SpecflowTest1.dll" fullname="C:\Users\Grant\Documents\Visual Studio 2015\Projects\SpecflowTest1\SpecflowTest1\bin\Debug\SpecflowTest1.dll" runstate="Runnable" testcasecount="3" result="Passed" start-time="2017-02-20 12:42:23Z" end-time="2017-02-20 12:42:24Z" duration="0.746542" total="3" passed="0" failed="0" warnings="0" inconclusive="3" skipped="0" asserts="0">
        <environment framework-version="3.6.0.0" clr-version="4.0.30319.42000" os-version="Microsoft Windows NT 10.0.14393.0" platform="Win32NT" cwd="C:\Users\Grant\Documents\Visual Studio 2015\Projects\SpecflowTest1\SpecflowTest1" machine-name="DESKTOP-M9F8BRN" user="Grant" user-domain="DESKTOP-M9F8BRN" culture="en-AU" uiculture="en-US" os-architecture="x64" />
        <settings>
            <setting name="BasePath" value="C:\Users\Grant\Documents\Visual Studio 2015\Projects\SpecflowTest1\SpecflowTest1\bin\Debug\" />
            <setting name="DisposeRunners" value="True" />
            <setting name="WorkDirectory" value="C:\Users\Grant\Documents\Visual Studio 2015\Projects\SpecflowTest1\SpecflowTest1" />
            <setting name="ImageRuntimeVersion" value="4.0.30319" />
            <setting name="ImageTargetFrameworkName" value=".NETFramework,Version=v4.5.2" />
            <setting name="ImageRequiresX86" value="False" />
            <setting name="ImageRequiresDefaultAppDomainAssemblyResolver" value="False" />
            <setting name="NumberOfTestWorkers" value="2" />
        </settings>
        <properties>
            <property name="_PID" value="8684" />
            <property name="_APPDOMAIN" value="test-domain-SpecflowTest1.csproj" />
        </properties>
        <test-suite type="TestSuite" id="1-1006" name="SpecflowTest1" fullname="SpecflowTest1" runstate="Runnable" testcasecount="3" result="Passed" start-time="2017-02-20 12:42:23Z" end-time="2017-02-20 12:42:24Z" duration="0.716547" total="3" passed="0" failed="0" warnings="0" inconclusive="3" skipped="0" asserts="0">
            <test-suite type="TestSuite" id="1-1007" name="Features" fullname="SpecflowTest1.Features" runstate="Runnable" testcasecount="3" result="Passed" start-time="2017-02-20 12:42:23Z" end-time="2017-02-20 12:42:24Z" duration="0.711920" total="3" passed="0" failed="0" warnings="0" inconclusive="3" skipped="0" asserts="0">
                <test-suite type="TestFixture" id="1-1000" name="Feature1Feature" fullname="SpecflowTest1.Features.Feature1Feature" classname="SpecflowTest1.Features.Feature1Feature" runstate="Runnable" testcasecount="3" result="Passed" start-time="2017-02-20 12:42:23Z" end-time="2017-02-20 12:42:24Z" duration="0.704415" total="3" passed="0" failed="0" warnings="0" inconclusive="3" skipped="0" asserts="0">
                    <properties>
                        <property name="Description" value="Feature1" />
                        <property name="Category" value="featuretag1" />
                    </properties>
                    <test-suite type="ParameterizedMethod" id="1-1004" name="AddThreeNumbers" fullname="SpecflowTest1.Features.Feature1Feature.AddThreeNumbers" classname="SpecflowTest1.Features.Feature1Feature" runstate="Runnable" testcasecount="2" result="Passed" start-time="2017-02-20 12:42:24Z" end-time="2017-02-20 12:42:24Z" duration="0.170305" total="2" passed="0" failed="0" warnings="0" inconclusive="2" skipped="0" asserts="0">
                        <properties>
                            <property name="Description" value="Add three numbers" />
                            <property name="Category" value="tag3" />
                        </properties>
                        <test-case id="1-1002" name="AddThreeNumbers(&quot;50&quot;,&quot;10&quot;,&quot;10&quot;,&quot;70&quot;,System.String[])" fullname="SpecflowTest1.Features.Feature1Feature.AddThreeNumbers(&quot;50&quot;,&quot;10&quot;,&quot;10&quot;,&quot;70&quot;,System.String[])" methodname="AddThreeNumbers" classname="SpecflowTest1.Features.Feature1Feature" runstate="Runnable" seed="640754483" result="Inconclusive" start-time="2017-02-20 12:42:24Z" end-time="2017-02-20 12:42:24Z" duration="0.125781" asserts="0">
                            <reason>
                                <message><![CDATA[One or more step definitions are not implemented yet.
  Class1.ThenTheResultShouldBeOnTheScreen(70)]]></message>
                            </reason>
                            <output><![CDATA[Given I have entered 50 into the calculator
-> done: Class1.GivenIHaveEnteredIntoTheCalculator(50) (0.0s)
And I have entered 10 into the calculator
-> done: Class1.GivenIHaveEnteredIntoTheCalculator(10) (0.0s)
And I have entered 10 into the calculator
-> done: Class1.GivenIHaveEnteredIntoTheCalculator(10) (0.0s)
When I press add
-> done: Class1.WhenIPressAdd() (0.0s)
Then the result should be 70 on the screen
-> pending: Class1.ThenTheResultShouldBeOnTheScreen(70)
]]></output>
                        </test-case>
                        <test-case id="1-1003" name="AddThreeNumbers(&quot;10&quot;,&quot;10&quot;,&quot;10&quot;,&quot;30&quot;,System.String[])" fullname="SpecflowTest1.Features.Feature1Feature.AddThreeNumbers(&quot;10&quot;,&quot;10&quot;,&quot;10&quot;,&quot;30&quot;,System.String[])" methodname="AddThreeNumbers" classname="SpecflowTest1.Features.Feature1Feature" runstate="Runnable" seed="1037400172" result="Inconclusive" start-time="2017-02-20 12:42:24Z" end-time="2017-02-20 12:42:24Z" duration="0.003261" asserts="0">
                            <reason>
                                <message><![CDATA[One or more step definitions are not implemented yet.
  Class1.ThenTheResultShouldBeOnTheScreen(30)]]></message>
                            </reason>
                            <output><![CDATA[Given I have entered 10 into the calculator
-> done: Class1.GivenIHaveEnteredIntoTheCalculator(10) (0.0s)
And I have entered 10 into the calculator
-> done: Class1.GivenIHaveEnteredIntoTheCalculator(10) (0.0s)
And I have entered 10 into the calculator
-> done: Class1.GivenIHaveEnteredIntoTheCalculator(10) (0.0s)
When I press add
-> done: Class1.WhenIPressAdd() (0.0s)
Then the result should be 30 on the screen
-> pending: Class1.ThenTheResultShouldBeOnTheScreen(30)
]]></output>
                        </test-case>
                    </test-suite>
                    <test-case id="1-1001" name="AddTwoNumbers" fullname="SpecflowTest1.Features.Feature1Feature.AddTwoNumbers" methodname="AddTwoNumbers" classname="SpecflowTest1.Features.Feature1Feature" runstate="Runnable" seed="144160297" result="Inconclusive" start-time="2017-02-20 12:42:24Z" end-time="2017-02-20 12:42:24Z" duration="0.005766" asserts="0">
                        <properties>
                            <property name="Description" value="Add two numbers" />
                            <property name="Category" value="mytag" />
                            <property name="Category" value="tag2" />
                        </properties>
                        <reason>
                            <message><![CDATA[One or more step definitions are not implemented yet.
  Class1.ThenTheResultShouldBeOnTheScreen(120)]]></message>
                        </reason>
                        <output><![CDATA[Given I have entered 50 into the calculator
-> done: Class1.GivenIHaveEnteredIntoTheCalculator(50) (0.0s)
And I have entered 70 into the calculator
-> done: Class1.GivenIHaveEnteredIntoTheCalculator(70) (0.0s)
When I press add
-> done: Class1.WhenIPressAdd() (0.0s)
Then the result should be 120 on the screen
-> pending: Class1.ThenTheResultShouldBeOnTheScreen(120)
]]></output>
                    </test-case>
                </test-suite>
            </test-suite>
        </test-suite>
    </test-suite>
</test-run>